{"/Users/leonardo/trabalho-qet/ResultType.js": {"path":"/Users/leonardo/trabalho-qet/ResultType.js","statementMap":{"0":{"start":{"line":1,"column":21},"end":{"line":1,"column":50}},"1":{"start":{"line":3,"column":19},"end":{"line":7,"column":1}},"2":{"start":{"line":4,"column":4},"end":{"line":4,"column":90}},"3":{"start":{"line":5,"column":4},"end":{"line":5,"column":70}},"4":{"start":{"line":6,"column":4},"end":{"line":6,"column":70}},"5":{"start":{"line":9,"column":0},"end":{"line":9,"column":28}}},"fnMap":{"0":{"name":"(anonymous_0)","decl":{"start":{"line":3,"column":19},"end":{"line":3,"column":20}},"loc":{"start":{"line":3,"column":69},"end":{"line":7,"column":1}},"line":3}},"branchMap":{"0":{"loc":{"start":{"line":4,"column":24},"end":{"line":4,"column":89}},"type":"cond-expr","locations":[{"start":{"line":4,"column":53},"end":{"line":4,"column":74}},{"start":{"line":4,"column":77},"end":{"line":4,"column":89}}],"line":4},"1":{"loc":{"start":{"line":5,"column":23},"end":{"line":5,"column":69}},"type":"cond-expr","locations":[{"start":{"line":5,"column":51},"end":{"line":5,"column":55}},{"start":{"line":5,"column":58},"end":{"line":5,"column":69}}],"line":5},"2":{"loc":{"start":{"line":6,"column":23},"end":{"line":6,"column":69}},"type":"cond-expr","locations":[{"start":{"line":6,"column":51},"end":{"line":6,"column":55}},{"start":{"line":6,"column":58},"end":{"line":6,"column":69}}],"line":6}},"s":{"0":1,"1":1,"2":20,"3":20,"4":20,"5":1},"f":{"0":20},"b":{"0":[11,9],"1":[11,9],"2":[11,9]},"_coverageSchema":"332fd63041d2c1bcb487cc26dd0d5f7d97098a6c","hash":"b299996b2aa5ac86b1df88a0c98368c473a98329"}
,"/Users/leonardo/trabalho-qet/SearchFunctions.js": {"path":"/Users/leonardo/trabalho-qet/SearchFunctions.js","statementMap":{"0":{"start":{"line":1,"column":19},"end":{"line":1,"column":42}},"1":{"start":{"line":2,"column":21},"end":{"line":2,"column":50}},"2":{"start":{"line":3,"column":19},"end":{"line":3,"column":42}},"3":{"start":{"line":6,"column":4},"end":{"line":6,"column":74}},"4":{"start":{"line":10,"column":4},"end":{"line":10,"column":71}},"5":{"start":{"line":14,"column":4},"end":{"line":14,"column":74}},"6":{"start":{"line":18,"column":14},"end":{"line":18,"column":30}},"7":{"start":{"line":19,"column":15},"end":{"line":19,"column":41}},"8":{"start":{"line":20,"column":20},"end":{"line":20,"column":46}},"9":{"start":{"line":21,"column":20},"end":{"line":21,"column":61}},"10":{"start":{"line":21,"column":45},"end":{"line":21,"column":48}},"11":{"start":{"line":21,"column":58},"end":{"line":21,"column":61}},"12":{"start":{"line":23,"column":1},"end":{"line":32,"column":2}},"13":{"start":{"line":24,"column":29},"end":{"line":24,"column":64}},"14":{"start":{"line":25,"column":2},"end":{"line":30,"column":3}},"15":{"start":{"line":26,"column":3},"end":{"line":26,"column":46}},"16":{"start":{"line":27,"column":3},"end":{"line":27,"column":32}},"17":{"start":{"line":28,"column":3},"end":{"line":28,"column":39}},"18":{"start":{"line":29,"column":3},"end":{"line":29,"column":17}},"19":{"start":{"line":31,"column":2},"end":{"line":31,"column":34}},"20":{"start":{"line":33,"column":4},"end":{"line":33,"column":18}},"21":{"start":{"line":39,"column":4},"end":{"line":41,"column":5}},"22":{"start":{"line":40,"column":8},"end":{"line":40,"column":69}},"23":{"start":{"line":42,"column":4},"end":{"line":47,"column":5}},"24":{"start":{"line":43,"column":27},"end":{"line":43,"column":79}},"25":{"start":{"line":44,"column":8},"end":{"line":45,"column":73}},"26":{"start":{"line":45,"column":12},"end":{"line":45,"column":73}},"27":{"start":{"line":46,"column":8},"end":{"line":46,"column":28}},"28":{"start":{"line":48,"column":4},"end":{"line":50,"column":5}},"29":{"start":{"line":49,"column":8},"end":{"line":49,"column":68}},"30":{"start":{"line":51,"column":4},"end":{"line":53,"column":5}},"31":{"start":{"line":52,"column":8},"end":{"line":52,"column":73}},"32":{"start":{"line":54,"column":4},"end":{"line":59,"column":5}},"33":{"start":{"line":55,"column":27},"end":{"line":55,"column":79}},"34":{"start":{"line":56,"column":8},"end":{"line":57,"column":77}},"35":{"start":{"line":57,"column":12},"end":{"line":57,"column":77}},"36":{"start":{"line":58,"column":8},"end":{"line":58,"column":28}},"37":{"start":{"line":62,"column":0},"end":{"line":62,"column":31}},"38":{"start":{"line":63,"column":0},"end":{"line":63,"column":35}},"39":{"start":{"line":64,"column":0},"end":{"line":64,"column":41}},"40":{"start":{"line":65,"column":0},"end":{"line":65,"column":47}},"41":{"start":{"line":66,"column":0},"end":{"line":66,"column":43}}},"fnMap":{"0":{"name":"equals","decl":{"start":{"line":5,"column":9},"end":{"line":5,"column":15}},"loc":{"start":{"line":5,"column":28},"end":{"line":7,"column":1}},"line":5},"1":{"name":"lessThan","decl":{"start":{"line":9,"column":9},"end":{"line":9,"column":17}},"loc":{"start":{"line":9,"column":30},"end":{"line":11,"column":1}},"line":9},"2":{"name":"greaterThan","decl":{"start":{"line":13,"column":9},"end":{"line":13,"column":20}},"loc":{"start":{"line":13,"column":33},"end":{"line":15,"column":1}},"line":13},"3":{"name":"arrayTraverser","decl":{"start":{"line":17,"column":9},"end":{"line":17,"column":23}},"loc":{"start":{"line":17,"column":76},"end":{"line":34,"column":1}},"line":17},"4":{"name":"(anonymous_4)","decl":{"start":{"line":21,"column":38},"end":{"line":21,"column":39}},"loc":{"start":{"line":21,"column":45},"end":{"line":21,"column":48}},"line":21},"5":{"name":"(anonymous_5)","decl":{"start":{"line":21,"column":51},"end":{"line":21,"column":52}},"loc":{"start":{"line":21,"column":58},"end":{"line":21,"column":61}},"line":21},"6":{"name":"searchArrays","decl":{"start":{"line":36,"column":9},"end":{"line":36,"column":21}},"loc":{"start":{"line":36,"column":58},"end":{"line":60,"column":1}},"line":36}},"branchMap":{"0":{"loc":{"start":{"line":6,"column":11},"end":{"line":6,"column":73}},"type":"cond-expr","locations":[{"start":{"line":6,"column":26},"end":{"line":6,"column":49}},{"start":{"line":6,"column":52},"end":{"line":6,"column":73}}],"line":6},"1":{"loc":{"start":{"line":10,"column":11},"end":{"line":10,"column":70}},"type":"cond-expr","locations":[{"start":{"line":10,"column":24},"end":{"line":10,"column":46}},{"start":{"line":10,"column":49},"end":{"line":10,"column":70}}],"line":10},"2":{"loc":{"start":{"line":14,"column":11},"end":{"line":14,"column":73}},"type":"cond-expr","locations":[{"start":{"line":14,"column":24},"end":{"line":14,"column":49}},{"start":{"line":14,"column":52},"end":{"line":14,"column":73}}],"line":14},"3":{"loc":{"start":{"line":19,"column":15},"end":{"line":19,"column":41}},"type":"cond-expr","locations":[{"start":{"line":19,"column":33},"end":{"line":19,"column":37}},{"start":{"line":19,"column":40},"end":{"line":19,"column":41}}],"line":19},"4":{"loc":{"start":{"line":20,"column":20},"end":{"line":20,"column":46}},"type":"cond-expr","locations":[{"start":{"line":20,"column":38},"end":{"line":20,"column":39}},{"start":{"line":20,"column":42},"end":{"line":20,"column":46}}],"line":20},"5":{"loc":{"start":{"line":21,"column":20},"end":{"line":21,"column":61}},"type":"cond-expr","locations":[{"start":{"line":21,"column":38},"end":{"line":21,"column":48}},{"start":{"line":21,"column":51},"end":{"line":21,"column":61}}],"line":21},"6":{"loc":{"start":{"line":25,"column":2},"end":{"line":30,"column":3}},"type":"if","locations":[{"start":{"line":25,"column":2},"end":{"line":30,"column":3}},{"start":{"line":25,"column":2},"end":{"line":30,"column":3}}],"line":25},"7":{"loc":{"start":{"line":39,"column":4},"end":{"line":41,"column":5}},"type":"if","locations":[{"start":{"line":39,"column":4},"end":{"line":41,"column":5}},{"start":{"line":39,"column":4},"end":{"line":41,"column":5}}],"line":39},"8":{"loc":{"start":{"line":42,"column":4},"end":{"line":47,"column":5}},"type":"if","locations":[{"start":{"line":42,"column":4},"end":{"line":47,"column":5}},{"start":{"line":42,"column":4},"end":{"line":47,"column":5}}],"line":42},"9":{"loc":{"start":{"line":44,"column":8},"end":{"line":45,"column":73}},"type":"if","locations":[{"start":{"line":44,"column":8},"end":{"line":45,"column":73}},{"start":{"line":44,"column":8},"end":{"line":45,"column":73}}],"line":44},"10":{"loc":{"start":{"line":48,"column":4},"end":{"line":50,"column":5}},"type":"if","locations":[{"start":{"line":48,"column":4},"end":{"line":50,"column":5}},{"start":{"line":48,"column":4},"end":{"line":50,"column":5}}],"line":48},"11":{"loc":{"start":{"line":51,"column":4},"end":{"line":53,"column":5}},"type":"if","locations":[{"start":{"line":51,"column":4},"end":{"line":53,"column":5}},{"start":{"line":51,"column":4},"end":{"line":53,"column":5}}],"line":51},"12":{"loc":{"start":{"line":54,"column":4},"end":{"line":59,"column":5}},"type":"if","locations":[{"start":{"line":54,"column":4},"end":{"line":59,"column":5}},{"start":{"line":54,"column":4},"end":{"line":59,"column":5}}],"line":54},"13":{"loc":{"start":{"line":56,"column":8},"end":{"line":57,"column":77}},"type":"if","locations":[{"start":{"line":56,"column":8},"end":{"line":57,"column":77}},{"start":{"line":56,"column":8},"end":{"line":57,"column":77}}],"line":56}},"s":{"0":1,"1":1,"2":1,"3":38,"4":10,"5":4,"6":11,"7":11,"8":11,"9":11,"10":12,"11":26,"12":11,"13":46,"14":46,"15":8,"16":8,"17":8,"18":8,"19":38,"20":3,"21":7,"22":1,"23":6,"24":2,"25":2,"26":1,"27":1,"28":4,"29":1,"30":3,"31":1,"32":2,"33":2,"34":2,"35":1,"36":1,"37":1,"38":1,"39":1,"40":1,"41":1},"f":{"0":38,"1":10,"2":4,"3":11,"4":12,"5":26,"6":7},"b":{"0":[5,33],"1":[3,7],"2":[3,1],"3":[3,8],"4":[3,8],"5":[3,8],"6":[8,38],"7":[1,6],"8":[2,4],"9":[1,1],"10":[1,3],"11":[1,2],"12":[2,0],"13":[1,1]},"_coverageSchema":"332fd63041d2c1bcb487cc26dd0d5f7d97098a6c","hash":"b3aab501ad328e18c98b22259065de757862b62c"}
,"/Users/leonardo/trabalho-qet/SearchResultEnum.js": {"path":"/Users/leonardo/trabalho-qet/SearchResultEnum.js","statementMap":{"0":{"start":{"line":1,"column":13},"end":{"line":1,"column":32}},"1":{"start":{"line":3,"column":0},"end":{"line":8,"column":2}}},"fnMap":{},"branchMap":{},"s":{"0":1,"1":1},"f":{},"b":{},"_coverageSchema":"332fd63041d2c1bcb487cc26dd0d5f7d97098a6c","hash":"ecd2523b71a9016f7ecb699f4b8626daffaba784"}
,"/Users/leonardo/trabalho-qet/SearchType.js": {"path":"/Users/leonardo/trabalho-qet/SearchType.js","statementMap":{"0":{"start":{"line":1,"column":13},"end":{"line":1,"column":32}},"1":{"start":{"line":3,"column":0},"end":{"line":9,"column":2}}},"fnMap":{},"branchMap":{},"s":{"0":1,"1":1},"f":{},"b":{},"_coverageSchema":"332fd63041d2c1bcb487cc26dd0d5f7d97098a6c","hash":"d742d9a7f5979bd49380f50a11b497fe13959c91"}
}
