TN:
SF:/Users/leonardo/trabalho-qet/ResultType.js
FN:3,(anonymous_0)
FNF:1
FNH:1
FNDA:20,(anonymous_0)
DA:1,1
DA:3,1
DA:4,20
DA:5,20
DA:6,20
DA:9,1
LF:6
LH:6
BRDA:4,0,0,11
BRDA:4,0,1,9
BRDA:5,1,0,11
BRDA:5,1,1,9
BRDA:6,2,0,11
BRDA:6,2,1,9
BRF:6
BRH:6
end_of_record
TN:
SF:/Users/leonardo/trabalho-qet/SearchFunctions.js
FN:5,equals
FN:9,lessThan
FN:13,greaterThan
FN:17,arrayTraverser
FN:21,(anonymous_4)
FN:21,(anonymous_5)
FN:36,searchArrays
FNF:7
FNH:7
FNDA:38,equals
FNDA:10,lessThan
FNDA:4,greaterThan
FNDA:11,arrayTraverser
FNDA:12,(anonymous_4)
FNDA:26,(anonymous_5)
FNDA:7,searchArrays
DA:1,1
DA:2,1
DA:3,1
DA:6,38
DA:10,10
DA:14,4
DA:18,11
DA:19,11
DA:20,11
DA:21,26
DA:23,11
DA:24,46
DA:25,46
DA:26,8
DA:27,8
DA:28,8
DA:29,8
DA:31,38
DA:33,3
DA:39,7
DA:40,1
DA:42,6
DA:43,2
DA:44,2
DA:45,1
DA:46,1
DA:48,4
DA:49,1
DA:51,3
DA:52,1
DA:54,2
DA:55,2
DA:56,2
DA:57,1
DA:58,1
DA:62,1
DA:63,1
DA:64,1
DA:65,1
DA:66,1
LF:40
LH:40
BRDA:6,0,0,5
BRDA:6,0,1,33
BRDA:10,1,0,3
BRDA:10,1,1,7
BRDA:14,2,0,3
BRDA:14,2,1,1
BRDA:19,3,0,3
BRDA:19,3,1,8
BRDA:20,4,0,3
BRDA:20,4,1,8
BRDA:21,5,0,3
BRDA:21,5,1,8
BRDA:25,6,0,8
BRDA:25,6,1,38
BRDA:39,7,0,1
BRDA:39,7,1,6
BRDA:42,8,0,2
BRDA:42,8,1,4
BRDA:44,9,0,1
BRDA:44,9,1,1
BRDA:48,10,0,1
BRDA:48,10,1,3
BRDA:51,11,0,1
BRDA:51,11,1,2
BRDA:54,12,0,2
BRDA:54,12,1,0
BRDA:56,13,0,1
BRDA:56,13,1,1
BRF:28
BRH:27
end_of_record
TN:
SF:/Users/leonardo/trabalho-qet/SearchResultEnum.js
FNF:0
FNH:0
DA:1,1
DA:3,1
LF:2
LH:2
BRF:0
BRH:0
end_of_record
TN:
SF:/Users/leonardo/trabalho-qet/SearchType.js
FNF:0
FNH:0
DA:1,1
DA:3,1
LF:2
LH:2
BRF:0
BRH:0
end_of_record
